2025-06-30 02:00:07,689 - INFO - Logger pour 'dakar_analysis' configuré. Les logs seront écrits dans : C:\wamp64\www\workflexer\api1\dakar_analysis.log
2025-06-30 02:01:09,974 - INFO - Logger pour 'dakar_analysis' configuré. Les logs seront écrits dans : C:\wamp64\www\workflexer\api1\dakar_analysis.log
2025-06-30 02:05:03,429 - INFO - ==================================================
2025-06-30 02:05:03,430 - INFO - Début de l'analyse pour l'offre ID: 373 et candidat ID: 5
2025-06-30 02:05:03,431 - INFO - Données du candidat reçues (brutes):
{
  "id": 5,
  "nom": "EFFE Nick Ludvann",
  "email": "webgeniuses12@gmail.com",
  "telephone": "785303879",
  "titre": "  Développeur Web Full Stack ",
  "description": "Développeur Web Full Stack passionné, je maîtrise un large éventail de langages de programmation, dont PHP, HTML, CSS, JavaScript, SQL et Python. Fort d’une solide expérience dans la conception et le développement de projets web, je suis également compétent dans la maintenance de serveurs, le déploiement d’applications, la gestion efficace de bases de données, ainsi que la création d’API REST.",
  "competences": [
    "Esprit d'équipe ",
    "Python ",
    "Git GitHub ",
    "JavaScript ",
    "Maintenance des serveurs web",
    "Gestion de base de données ",
    "Mysql",
    "cms",
    "wordpress",
    "git",
    "Django ",
    "sql",
    "PHP"
  ],
  "formations": [
    {
      "diplome": "Géni informatiques ",
      "etablissement": "Ecole Supérieure Multinationale des Télécommunications (ESMT)",
      "niveau": "Licence1"
    },
    {
      "diplome": "Terminal D",
      "etablissement": "lycee pole emane eyegue(Libreville)",
      "niveau": "Secondaire"
    }
  ],
  "experiences": [
    {
      "poste": "Développeur Web – Site web pour entreprise numérique: https://advantech-group.space",
      "description": "Conception complète du site vitrine d&#039;une entreprise spécialisée dans les services numériques<br />\r\nIntégration d’un design moderne, responsive et optimisé pour le SEO<br />\r\nTechnologies : PHP, HTML, CSS, JavaScript<br />\r\nDéploiement sur hébergement mutualisé, gestion de la base de données,<br />\r\nje suis ce",
      "duree": -20.0
    },
    {
      "poste": "Développeur Full Stack – Plateforme de recrutement en ligne https://work-flexer.com",
      "description": "https://work-flexer.com \r\nCréation d’une plateforme web permettant la mise en relation entre recruteurs et candidats\r\nFonctionnalités : création de profil, génération de CV en ligne, publication et gestion d’offres d’emploi, messagerie intégrée\r\nTechnologies : PHP (architecture MVC), JavaScript, MySQL.",
      "duree": 1.0
    },
    {
      "poste": "je ne suis pas daccord",
      "description": "je <br />\r\nne veux<br />\r\npas qye<br />\r\ntu memdb<br />\r\nmandhd<br />\r\nksjd",
      "duree": 0.0
    }
  ],
  "langues": [
    {
      "nom": "Français ",
      "niveau": "Intermédiaire"
    },
    {
      "nom": "Anglais ",
      "niveau": "Intermédiaire"
    },
    {
      "nom": "bbbbbb",
      "niveau": "Intermédiaire"
    }
  ],
  "outils": [
    "Cursor",
    "Git",
    "VS code",
    "Wamp Server",
    "word"
  ]
}
2025-06-30 02:05:03,432 - INFO - Données de l'offre reçues (brutes):
{
  "id": 373,
  "titre": "Spécialiste polyvalent en communication digitale",
  "description": "<div class=\"job_description\"><p><strong>Offre de recrutement</strong></p><ul><li>Titre : Spécialiste polyvalent en communication digitale H/F</li><li>Reference : SPECOMMDIGCOMM/IPD2025</li><li>Département : Partenariats &amp; communication</li><li>Hiérarchie N+1 : Responsable de la division communication, evénements et relations presse</li><li>Lieu : Institut pasteur de dakar</li><li>Contrat : CDD / CDI</li><li>Début souhaité : Dans l’immédiat</li></ul><p><strong>A Propos de l’institut</strong></p><p>L’Institut Pasteur de Dakar (IPD) est une fondation d’utilité publique sénégalaise dédiée à la santé publique, la recherche, l’innovation et l’éducation en Afrique. Depuis sa fondation en 1896, l’institut n’a cessé de se développer pour le bénéfice des populations et est aujourd’hui spécialisée dans les 5 domaines suivants :</p><ul><li>Recherche &amp; Développement</li><li>Diagnostic, vaccination, alimentation et environnement</li><li>Éducation, formation et développement des talents</li><li>Expertise et orientation stratégique en santé publique</li><li>Production et distribution de vaccins et de dispositifs médicaux.</li></ul><p>De manière unique, l’IPD rassemble ainsi des capacités et des fonctions clés pour relever les défis de santé publique et les menaces mondiales et joue un rôle régional important dans ses partenariats avec l’OMS et la lutte contre les maladies infectieuses.</p><p>A l’IPD, nous inspirons, nous éduquons et nous attirons des Femmes et des Hommes de sciences passionnés et visionnaires pour développer des solutions significatives et efficaces aux problèmes de santé publique en Afrique !</p><p>Notre Ambition est de diriger, influencer et améliorer la santé humaine, chaque jour, de manière sûre et durable.<br/>\nSi vous avez l’esprit Pasteurien, comme nous, Rejoignez-Nous !</p><p><strong>Activités du poste </strong></p><p><strong>Description de poste</strong></p><p>Dans le cadre de l’accroissement de nos activités, l’IPD recrute :</p><p>Un spécialiste polyvalent en communication digitale h/f.</p><p><strong>Missions générales </strong></p><p>Le spécialiste polyvalent en communication digitale est responsable de la conception graphique, de la création de contenus, de la gestion des réseaux sociaux et de la maintenance du site web de l’entreprise. Ce rôle exige une combinaison unique de compétences créatives, techniques et analytiques pour assurer une communication cohérente et efficace à travers tous les canaux numériques.</p><p><strong>Activités principales </strong></p><p>Infographie:</p><ul><li>Concevoir des visuels pour les supports de communication (affiches, brochures, bannières web, etc.).</li><li>Assurer la cohérence visuelle de la marque sur tous les supports.</li><li>Réaliser des illustrations et des animations graphiques.</li></ul><p>Création de Contenus:</p><ul><li>Rédiger et éditer des articles, des blogs, et des contenus pour les réseaux sociaux.</li><li>Développer des scripts pour des vidéos et des podcasts.</li><li>Collaborer avec les équipes de marketing et de design pour créer des contenus engageants.</li></ul><p>Gestion de Réseaux Sociaux:</p><ul><li>Gérer et animer les comptes de réseaux sociaux de l’entreprise.</li><li>Planifier et publier des contenus réguliers et engageants.</li><li>Interagir avec la communauté et répondre aux commentaires et messages.</li><li>Analyser les performances des</li><li>campagnes et proposer des améliorations. Gestion de Site Web:</li><li>Assurer la création de pages par projet et rattachée au site web principal</li><li>Assurer la maintenance et la mise à jour du site web de l’entreprise.</li><li>Optimiser le site pour le référencement (SEO).</li><li>Collaborer avec les développeurs pour améliorer les fonctionnalités du site.</li><li>Surveiller les performances du site et résoudre les problèmes techniques.</li></ul><p><strong>Profil recherché</strong></p><p><strong>Formation</strong></p><ul><li>Diplôme de licence en communication, relations publiques, journalisme ou domaine connexe. Au moins 5 ans d’expérience pertinente dans des rôles de communication, de préférence dans des environnements basés sur des projets.</li><li>Expérience avérée dans le développement et l’exécution de stratégies de communication spécifiques aux projets.</li><li>Maîtrise de la gestion de la communication pour les événements liés au projet, tant physiques que virtuels.</li><li>Connaissance de l’engagement médiatique et des pratiques de gestion de la communication en cas de crise.</li></ul><p><strong>Compétences </strong></p><p><strong>Techniques</strong></p><ul><li>Maîtrise des logiciels de design graphique (Adobe Photoshop, Illustrator, InDesign).</li><li>Excellentes compétences rédactionnelles et éditoriales.</li><li>Bonne connaissance des plateformes de réseaux sociaux (Facebook, Twitter, Instagram, LinkedIn).</li><li>Connaissance des langages de programmation web (HTML, CSS, JavaScript). Expérience avec des systèmes de gestion de contenu (<a href=\"https://www.emploidakar.com/mooc-wordpress/\">WordPress</a>, Joomla).</li><li>Compétences en SEO et en analyse web.</li><li>Créativité, sens artistique et capacité à travailler en équipe.</li><li>Capacité à analyser les données et à utiliser des outils de gestion des réseaux sociaux.</li></ul><p><strong>Personnelles</strong></p><ul><li>Proactivité: Capacité à anticiper les besoins et à prendre des initiatives.</li><li>Flexibilité: Adaptabilité face aux changements et aux imprévus.</li><li>Esprit d’Équipe: Capacité à travailler en collaboration avec diverses équipes. Linguistique:</li><li>Bilingue (français et anglais)</li></ul><p>Informatique</p><ul><li>Une maîtrise des outils bureautiques (Word, <a href=\"https://www.emploidakar.com/maitrisez-les-fondamentaux-dexcel-formation-gratuite-a-distance/\">Excel</a>, PowerPoint)</li><li>L’Institut Pasteur de Dakar est un employeur de référence qui propose des conditions de travail favorables à l’épanouissement professionnel.</li></ul><p>Si vous êtes intéressé, vous pouvez postuler en envoyant votre CV à l’adresse: <a href=\"mailto:talents@pasteur.sn\">talents@pasteur.sn</a> en y ajoutant en objet la référence: SPECOMMDIGCOMM/IPD2025.</p><p>Du fait de la quantité des candidatures, seuls les candidats shortlistés seront contactés.</p></div>",
  "secteur": "Non spécifié",
  "type_contrat": "CDD",
  "localisation": "Dakar, Sénégal",
  "texte_integral": "<div class=\"job_description\"><p><strong>Offre de recrutement</strong></p><ul><li>Titre : Spécialiste polyvalent en communication digitale H/F</li><li>Reference : SPECOMMDIGCOMM/IPD2025</li><li>Département : Partenariats &amp; communication</li><li>Hiérarchie N+1 : Responsable de la division communication, evénements et relations presse</li><li>Lieu : Institut pasteur de dakar</li><li>Contrat : CDD / CDI</li><li>Début souhaité : Dans l’immédiat</li></ul><p><strong>A Propos de l’institut</strong></p><p>L’Institut Pasteur de Dakar (IPD) est une fondation d’utilité publique sénégalaise dédiée à la santé publique, la recherche, l’innovation et l’éducation en Afrique. Depuis sa fondation en 1896, l’institut n’a cessé de se développer pour le bénéfice des populations et est aujourd’hui spécialisée dans les 5 domaines suivants :</p><ul><li>Recherche &amp; Développement</li><li>Diagnostic, vaccination, alimentation et environnement</li><li>Éducation, formation et développement des talents</li><li>Expertise et orientation stratégique en santé publique</li><li>Production et distribution de vaccins et de dispositifs médicaux.</li></ul><p>De manière unique, l’IPD rassemble ainsi des capacités et des fonctions clés pour relever les défis de santé publique et les menaces mondiales et joue un rôle régional important dans ses partenariats avec l’OMS et la lutte contre les maladies infectieuses.</p><p>A l’IPD, nous inspirons, nous éduquons et nous attirons des Femmes et des Hommes de sciences passionnés et visionnaires pour développer des solutions significatives et efficaces aux problèmes de santé publique en Afrique !</p><p>Notre Ambition est de diriger, influencer et améliorer la santé humaine, chaque jour, de manière sûre et durable.<br/>\nSi vous avez l’esprit Pasteurien, comme nous, Rejoignez-Nous !</p><p><strong>Activités du poste </strong></p><p><strong>Description de poste</strong></p><p>Dans le cadre de l’accroissement de nos activités, l’IPD recrute :</p><p>Un spécialiste polyvalent en communication digitale h/f.</p><p><strong>Missions générales </strong></p><p>Le spécialiste polyvalent en communication digitale est responsable de la conception graphique, de la création de contenus, de la gestion des réseaux sociaux et de la maintenance du site web de l’entreprise. Ce rôle exige une combinaison unique de compétences créatives, techniques et analytiques pour assurer une communication cohérente et efficace à travers tous les canaux numériques.</p><p><strong>Activités principales </strong></p><p>Infographie:</p><ul><li>Concevoir des visuels pour les supports de communication (affiches, brochures, bannières web, etc.).</li><li>Assurer la cohérence visuelle de la marque sur tous les supports.</li><li>Réaliser des illustrations et des animations graphiques.</li></ul><p>Création de Contenus:</p><ul><li>Rédiger et éditer des articles, des blogs, et des contenus pour les réseaux sociaux.</li><li>Développer des scripts pour des vidéos et des podcasts.</li><li>Collaborer avec les équipes de marketing et de design pour créer des contenus engageants.</li></ul><p>Gestion de Réseaux Sociaux:</p><ul><li>Gérer et animer les comptes de réseaux sociaux de l’entreprise.</li><li>Planifier et publier des contenus réguliers et engageants.</li><li>Interagir avec la communauté et répondre aux commentaires et messages.</li><li>Analyser les performances des</li><li>campagnes et proposer des améliorations. Gestion de Site Web:</li><li>Assurer la création de pages par projet et rattachée au site web principal</li><li>Assurer la maintenance et la mise à jour du site web de l’entreprise.</li><li>Optimiser le site pour le référencement (SEO).</li><li>Collaborer avec les développeurs pour améliorer les fonctionnalités du site.</li><li>Surveiller les performances du site et résoudre les problèmes techniques.</li></ul><p><strong>Profil recherché</strong></p><p><strong>Formation</strong></p><ul><li>Diplôme de licence en communication, relations publiques, journalisme ou domaine connexe. Au moins 5 ans d’expérience pertinente dans des rôles de communication, de préférence dans des environnements basés sur des projets.</li><li>Expérience avérée dans le développement et l’exécution de stratégies de communication spécifiques aux projets.</li><li>Maîtrise de la gestion de la communication pour les événements liés au projet, tant physiques que virtuels.</li><li>Connaissance de l’engagement médiatique et des pratiques de gestion de la communication en cas de crise.</li></ul><p><strong>Compétences </strong></p><p><strong>Techniques</strong></p><ul><li>Maîtrise des logiciels de design graphique (Adobe Photoshop, Illustrator, InDesign).</li><li>Excellentes compétences rédactionnelles et éditoriales.</li><li>Bonne connaissance des plateformes de réseaux sociaux (Facebook, Twitter, Instagram, LinkedIn).</li><li>Connaissance des langages de programmation web (HTML, CSS, JavaScript). Expérience avec des systèmes de gestion de contenu (<a href=\"https://www.emploidakar.com/mooc-wordpress/\">WordPress</a>, Joomla).</li><li>Compétences en SEO et en analyse web.</li><li>Créativité, sens artistique et capacité à travailler en équipe.</li><li>Capacité à analyser les données et à utiliser des outils de gestion des réseaux sociaux.</li></ul><p><strong>Personnelles</strong></p><ul><li>Proactivité: Capacité à anticiper les besoins et à prendre des initiatives.</li><li>Flexibilité: Adaptabilité face aux changements et aux imprévus.</li><li>Esprit d’Équipe: Capacité à travailler en collaboration avec diverses équipes. Linguistique:</li><li>Bilingue (français et anglais)</li></ul><p>Informatique</p><ul><li>Une maîtrise des outils bureautiques (Word, <a href=\"https://www.emploidakar.com/maitrisez-les-fondamentaux-dexcel-formation-gratuite-a-distance/\">Excel</a>, PowerPoint)</li><li>L’Institut Pasteur de Dakar est un employeur de référence qui propose des conditions de travail favorables à l’épanouissement professionnel.</li></ul><p>Si vous êtes intéressé, vous pouvez postuler en envoyant votre CV à l’adresse: <a href=\"mailto:talents@pasteur.sn\">talents@pasteur.sn</a> en y ajoutant en objet la référence: SPECOMMDIGCOMM/IPD2025.</p><p>Du fait de la quantité des candidatures, seuls les candidats shortlistés seront contactés.</p></div>\n\n",
  "formation_requise": {
    "niveau_minimum": "Bac+3"
  },
  "experience_requise": {
    "duree_minimum_mois": 60
  },
  "competences_requises": [],
  "langues_requises": [
    {
      "nom": "Anglais",
      "niveau": "B2"
    },
    {
      "nom": "Français",
      "niveau": "B2"
    }
  ]
}
2025-06-30 02:05:03,434 - INFO - Données du candidat après validation Pydantic:
{
  "id": 5,
  "nom": "EFFE Nick Ludvann",
  "email": "webgeniuses12@gmail.com",
  "telephone": "785303879",
  "titre": "  Développeur Web Full Stack ",
  "description": "Développeur Web Full Stack passionné, je maîtrise un large éventail de langages de programmation, dont PHP, HTML, CSS, JavaScript, SQL et Python. Fort d’une solide expérience dans la conception et le développement de projets web, je suis également compétent dans la maintenance de serveurs, le déploiement d’applications, la gestion efficace de bases de données, ainsi que la création d’API REST.",
  "competences": [
    "Esprit d'équipe ",
    "Python ",
    "Git GitHub ",
    "JavaScript ",
    "Maintenance des serveurs web",
    "Gestion de base de données ",
    "Mysql",
    "cms",
    "wordpress",
    "git",
    "Django ",
    "sql",
    "PHP"
  ],
  "formations": [
    {
      "diplome": "Géni informatiques ",
      "etablissement": "Ecole Supérieure Multinationale des Télécommunications (ESMT)",
      "niveau": "Licence1"
    },
    {
      "diplome": "Terminal D",
      "etablissement": "lycee pole emane eyegue(Libreville)",
      "niveau": "Secondaire"
    }
  ],
  "experiences": [
    {
      "poste": "Développeur Web – Site web pour entreprise numérique: https://advantech-group.space",
      "description": "Conception complète du site vitrine d&#039;une entreprise spécialisée dans les services numériques<br />\r\nIntégration d’un design moderne, responsive et optimisé pour le SEO<br />\r\nTechnologies : PHP, HTML, CSS, JavaScript<br />\r\nDéploiement sur hébergement mutualisé, gestion de la base de données,<br />\r\nje suis ce",
      "duree": -20.0
    },
    {
      "poste": "Développeur Full Stack – Plateforme de recrutement en ligne https://work-flexer.com",
      "description": "https://work-flexer.com \r\nCréation d’une plateforme web permettant la mise en relation entre recruteurs et candidats\r\nFonctionnalités : création de profil, génération de CV en ligne, publication et gestion d’offres d’emploi, messagerie intégrée\r\nTechnologies : PHP (architecture MVC), JavaScript, MySQL.",
      "duree": 1.0
    },
    {
      "poste": "je ne suis pas daccord",
      "description": "je <br />\r\nne veux<br />\r\npas qye<br />\r\ntu memdb<br />\r\nmandhd<br />\r\nksjd",
      "duree": 0.0
    }
  ],
  "langues": [
    {
      "nom": "Français ",
      "niveau": "Intermédiaire"
    },
    {
      "nom": "Anglais ",
      "niveau": "Intermédiaire"
    },
    {
      "nom": "bbbbbb",
      "niveau": "Intermédiaire"
    }
  ],
  "outils": [
    "Cursor",
    "Git",
    "VS code",
    "Wamp Server",
    "word"
  ],
  "texte_integral": null
}
2025-06-30 02:05:03,434 - INFO - Données de l'offre après validation Pydantic:
{
  "id": 373,
  "titre": "Spécialiste polyvalent en communication digitale",
  "description": "<div class=\"job_description\"><p><strong>Offre de recrutement</strong></p><ul><li>Titre : Spécialiste polyvalent en communication digitale H/F</li><li>Reference : SPECOMMDIGCOMM/IPD2025</li><li>Département : Partenariats &amp; communication</li><li>Hiérarchie N+1 : Responsable de la division communication, evénements et relations presse</li><li>Lieu : Institut pasteur de dakar</li><li>Contrat : CDD / CDI</li><li>Début souhaité : Dans l’immédiat</li></ul><p><strong>A Propos de l’institut</strong></p><p>L’Institut Pasteur de Dakar (IPD) est une fondation d’utilité publique sénégalaise dédiée à la santé publique, la recherche, l’innovation et l’éducation en Afrique. Depuis sa fondation en 1896, l’institut n’a cessé de se développer pour le bénéfice des populations et est aujourd’hui spécialisée dans les 5 domaines suivants :</p><ul><li>Recherche &amp; Développement</li><li>Diagnostic, vaccination, alimentation et environnement</li><li>Éducation, formation et développement des talents</li><li>Expertise et orientation stratégique en santé publique</li><li>Production et distribution de vaccins et de dispositifs médicaux.</li></ul><p>De manière unique, l’IPD rassemble ainsi des capacités et des fonctions clés pour relever les défis de santé publique et les menaces mondiales et joue un rôle régional important dans ses partenariats avec l’OMS et la lutte contre les maladies infectieuses.</p><p>A l’IPD, nous inspirons, nous éduquons et nous attirons des Femmes et des Hommes de sciences passionnés et visionnaires pour développer des solutions significatives et efficaces aux problèmes de santé publique en Afrique !</p><p>Notre Ambition est de diriger, influencer et améliorer la santé humaine, chaque jour, de manière sûre et durable.<br/>\nSi vous avez l’esprit Pasteurien, comme nous, Rejoignez-Nous !</p><p><strong>Activités du poste </strong></p><p><strong>Description de poste</strong></p><p>Dans le cadre de l’accroissement de nos activités, l’IPD recrute :</p><p>Un spécialiste polyvalent en communication digitale h/f.</p><p><strong>Missions générales </strong></p><p>Le spécialiste polyvalent en communication digitale est responsable de la conception graphique, de la création de contenus, de la gestion des réseaux sociaux et de la maintenance du site web de l’entreprise. Ce rôle exige une combinaison unique de compétences créatives, techniques et analytiques pour assurer une communication cohérente et efficace à travers tous les canaux numériques.</p><p><strong>Activités principales </strong></p><p>Infographie:</p><ul><li>Concevoir des visuels pour les supports de communication (affiches, brochures, bannières web, etc.).</li><li>Assurer la cohérence visuelle de la marque sur tous les supports.</li><li>Réaliser des illustrations et des animations graphiques.</li></ul><p>Création de Contenus:</p><ul><li>Rédiger et éditer des articles, des blogs, et des contenus pour les réseaux sociaux.</li><li>Développer des scripts pour des vidéos et des podcasts.</li><li>Collaborer avec les équipes de marketing et de design pour créer des contenus engageants.</li></ul><p>Gestion de Réseaux Sociaux:</p><ul><li>Gérer et animer les comptes de réseaux sociaux de l’entreprise.</li><li>Planifier et publier des contenus réguliers et engageants.</li><li>Interagir avec la communauté et répondre aux commentaires et messages.</li><li>Analyser les performances des</li><li>campagnes et proposer des améliorations. Gestion de Site Web:</li><li>Assurer la création de pages par projet et rattachée au site web principal</li><li>Assurer la maintenance et la mise à jour du site web de l’entreprise.</li><li>Optimiser le site pour le référencement (SEO).</li><li>Collaborer avec les développeurs pour améliorer les fonctionnalités du site.</li><li>Surveiller les performances du site et résoudre les problèmes techniques.</li></ul><p><strong>Profil recherché</strong></p><p><strong>Formation</strong></p><ul><li>Diplôme de licence en communication, relations publiques, journalisme ou domaine connexe. Au moins 5 ans d’expérience pertinente dans des rôles de communication, de préférence dans des environnements basés sur des projets.</li><li>Expérience avérée dans le développement et l’exécution de stratégies de communication spécifiques aux projets.</li><li>Maîtrise de la gestion de la communication pour les événements liés au projet, tant physiques que virtuels.</li><li>Connaissance de l’engagement médiatique et des pratiques de gestion de la communication en cas de crise.</li></ul><p><strong>Compétences </strong></p><p><strong>Techniques</strong></p><ul><li>Maîtrise des logiciels de design graphique (Adobe Photoshop, Illustrator, InDesign).</li><li>Excellentes compétences rédactionnelles et éditoriales.</li><li>Bonne connaissance des plateformes de réseaux sociaux (Facebook, Twitter, Instagram, LinkedIn).</li><li>Connaissance des langages de programmation web (HTML, CSS, JavaScript). Expérience avec des systèmes de gestion de contenu (<a href=\"https://www.emploidakar.com/mooc-wordpress/\">WordPress</a>, Joomla).</li><li>Compétences en SEO et en analyse web.</li><li>Créativité, sens artistique et capacité à travailler en équipe.</li><li>Capacité à analyser les données et à utiliser des outils de gestion des réseaux sociaux.</li></ul><p><strong>Personnelles</strong></p><ul><li>Proactivité: Capacité à anticiper les besoins et à prendre des initiatives.</li><li>Flexibilité: Adaptabilité face aux changements et aux imprévus.</li><li>Esprit d’Équipe: Capacité à travailler en collaboration avec diverses équipes. Linguistique:</li><li>Bilingue (français et anglais)</li></ul><p>Informatique</p><ul><li>Une maîtrise des outils bureautiques (Word, <a href=\"https://www.emploidakar.com/maitrisez-les-fondamentaux-dexcel-formation-gratuite-a-distance/\">Excel</a>, PowerPoint)</li><li>L’Institut Pasteur de Dakar est un employeur de référence qui propose des conditions de travail favorables à l’épanouissement professionnel.</li></ul><p>Si vous êtes intéressé, vous pouvez postuler en envoyant votre CV à l’adresse: <a href=\"mailto:talents@pasteur.sn\">talents@pasteur.sn</a> en y ajoutant en objet la référence: SPECOMMDIGCOMM/IPD2025.</p><p>Du fait de la quantité des candidatures, seuls les candidats shortlistés seront contactés.</p></div>",
  "secteur": "Non spécifié",
  "type_contrat": "CDD",
  "localisation": "Dakar, Sénégal",
  "texte_integral": "<div class=\"job_description\"><p><strong>Offre de recrutement</strong></p><ul><li>Titre : Spécialiste polyvalent en communication digitale H/F</li><li>Reference : SPECOMMDIGCOMM/IPD2025</li><li>Département : Partenariats &amp; communication</li><li>Hiérarchie N+1 : Responsable de la division communication, evénements et relations presse</li><li>Lieu : Institut pasteur de dakar</li><li>Contrat : CDD / CDI</li><li>Début souhaité : Dans l’immédiat</li></ul><p><strong>A Propos de l’institut</strong></p><p>L’Institut Pasteur de Dakar (IPD) est une fondation d’utilité publique sénégalaise dédiée à la santé publique, la recherche, l’innovation et l’éducation en Afrique. Depuis sa fondation en 1896, l’institut n’a cessé de se développer pour le bénéfice des populations et est aujourd’hui spécialisée dans les 5 domaines suivants :</p><ul><li>Recherche &amp; Développement</li><li>Diagnostic, vaccination, alimentation et environnement</li><li>Éducation, formation et développement des talents</li><li>Expertise et orientation stratégique en santé publique</li><li>Production et distribution de vaccins et de dispositifs médicaux.</li></ul><p>De manière unique, l’IPD rassemble ainsi des capacités et des fonctions clés pour relever les défis de santé publique et les menaces mondiales et joue un rôle régional important dans ses partenariats avec l’OMS et la lutte contre les maladies infectieuses.</p><p>A l’IPD, nous inspirons, nous éduquons et nous attirons des Femmes et des Hommes de sciences passionnés et visionnaires pour développer des solutions significatives et efficaces aux problèmes de santé publique en Afrique !</p><p>Notre Ambition est de diriger, influencer et améliorer la santé humaine, chaque jour, de manière sûre et durable.<br/>\nSi vous avez l’esprit Pasteurien, comme nous, Rejoignez-Nous !</p><p><strong>Activités du poste </strong></p><p><strong>Description de poste</strong></p><p>Dans le cadre de l’accroissement de nos activités, l’IPD recrute :</p><p>Un spécialiste polyvalent en communication digitale h/f.</p><p><strong>Missions générales </strong></p><p>Le spécialiste polyvalent en communication digitale est responsable de la conception graphique, de la création de contenus, de la gestion des réseaux sociaux et de la maintenance du site web de l’entreprise. Ce rôle exige une combinaison unique de compétences créatives, techniques et analytiques pour assurer une communication cohérente et efficace à travers tous les canaux numériques.</p><p><strong>Activités principales </strong></p><p>Infographie:</p><ul><li>Concevoir des visuels pour les supports de communication (affiches, brochures, bannières web, etc.).</li><li>Assurer la cohérence visuelle de la marque sur tous les supports.</li><li>Réaliser des illustrations et des animations graphiques.</li></ul><p>Création de Contenus:</p><ul><li>Rédiger et éditer des articles, des blogs, et des contenus pour les réseaux sociaux.</li><li>Développer des scripts pour des vidéos et des podcasts.</li><li>Collaborer avec les équipes de marketing et de design pour créer des contenus engageants.</li></ul><p>Gestion de Réseaux Sociaux:</p><ul><li>Gérer et animer les comptes de réseaux sociaux de l’entreprise.</li><li>Planifier et publier des contenus réguliers et engageants.</li><li>Interagir avec la communauté et répondre aux commentaires et messages.</li><li>Analyser les performances des</li><li>campagnes et proposer des améliorations. Gestion de Site Web:</li><li>Assurer la création de pages par projet et rattachée au site web principal</li><li>Assurer la maintenance et la mise à jour du site web de l’entreprise.</li><li>Optimiser le site pour le référencement (SEO).</li><li>Collaborer avec les développeurs pour améliorer les fonctionnalités du site.</li><li>Surveiller les performances du site et résoudre les problèmes techniques.</li></ul><p><strong>Profil recherché</strong></p><p><strong>Formation</strong></p><ul><li>Diplôme de licence en communication, relations publiques, journalisme ou domaine connexe. Au moins 5 ans d’expérience pertinente dans des rôles de communication, de préférence dans des environnements basés sur des projets.</li><li>Expérience avérée dans le développement et l’exécution de stratégies de communication spécifiques aux projets.</li><li>Maîtrise de la gestion de la communication pour les événements liés au projet, tant physiques que virtuels.</li><li>Connaissance de l’engagement médiatique et des pratiques de gestion de la communication en cas de crise.</li></ul><p><strong>Compétences </strong></p><p><strong>Techniques</strong></p><ul><li>Maîtrise des logiciels de design graphique (Adobe Photoshop, Illustrator, InDesign).</li><li>Excellentes compétences rédactionnelles et éditoriales.</li><li>Bonne connaissance des plateformes de réseaux sociaux (Facebook, Twitter, Instagram, LinkedIn).</li><li>Connaissance des langages de programmation web (HTML, CSS, JavaScript). Expérience avec des systèmes de gestion de contenu (<a href=\"https://www.emploidakar.com/mooc-wordpress/\">WordPress</a>, Joomla).</li><li>Compétences en SEO et en analyse web.</li><li>Créativité, sens artistique et capacité à travailler en équipe.</li><li>Capacité à analyser les données et à utiliser des outils de gestion des réseaux sociaux.</li></ul><p><strong>Personnelles</strong></p><ul><li>Proactivité: Capacité à anticiper les besoins et à prendre des initiatives.</li><li>Flexibilité: Adaptabilité face aux changements et aux imprévus.</li><li>Esprit d’Équipe: Capacité à travailler en collaboration avec diverses équipes. Linguistique:</li><li>Bilingue (français et anglais)</li></ul><p>Informatique</p><ul><li>Une maîtrise des outils bureautiques (Word, <a href=\"https://www.emploidakar.com/maitrisez-les-fondamentaux-dexcel-formation-gratuite-a-distance/\">Excel</a>, PowerPoint)</li><li>L’Institut Pasteur de Dakar est un employeur de référence qui propose des conditions de travail favorables à l’épanouissement professionnel.</li></ul><p>Si vous êtes intéressé, vous pouvez postuler en envoyant votre CV à l’adresse: <a href=\"mailto:talents@pasteur.sn\">talents@pasteur.sn</a> en y ajoutant en objet la référence: SPECOMMDIGCOMM/IPD2025.</p><p>Du fait de la quantité des candidatures, seuls les candidats shortlistés seront contactés.</p></div>\n\n",
  "formation_requise": {
    "niveau_minimum": "Bac+3"
  },
  "experience_requise": {
    "duree_minimum_mois": 60
  },
  "competences_requises": [],
  "langues_requises": [
    {
      "nom": "Anglais",
      "niveau": "B2"
    },
    {
      "nom": "Français",
      "niveau": "B2"
    }
  ]
}
2025-06-30 02:05:07,183 - INFO - Rapport d'analyse final généré:
{
  "score_global": 25.0,
  "score_global_semantique": 19.0,
  "niveau_adequation": "Faible",
  "resume": "Pour l'instant, ça ne matche pas trop (25%). Pas de panique ! Servez-vous de l'analyse pour voir sur quoi travailler.",
  "points_forts": [
    {
      "description": "Votre compétence 'git' est mentionnée dans l'offre.",
      "categorie": "competences",
      "importance": "normal"
    },
    {
      "description": "Votre compétence 'wordpress' est mentionnée dans l'offre.",
      "categorie": "competences",
      "importance": "normal"
    },
    {
      "description": "Votre compétence 'javascript' est mentionnée dans l'offre.",
      "categorie": "competences",
      "importance": "normal"
    },
    {
      "description": "Votre langue 'Français' est en lien avec l'offre.",
      "categorie": "langues",
      "importance": "normal"
    },
    {
      "description": "Votre langue 'Anglais' est en lien avec l'offre.",
      "categorie": "langues",
      "importance": "normal"
    },
    {
      "description": "Votre outil 'word' est en lien avec l'offre.",
      "categorie": "outils",
      "importance": "normal"
    }
  ],
  "points_amelioration": [
    {
      "description": "Aucun de vos diplômes ou établissements ne semble mentionné directement dans l'offre.",
      "categorie": "formation",
      "priorite": "normale"
    },
    {
      "description": "Le contenu de vos expériences pourrait être plus aligné avec la description de l'offre.",
      "categorie": "experience",
      "priorite": "normale"
    },
    {
      "description": "Cette offre recherche 9 compétences techniques spécifiques. Concentrez-vous sur les plus importantes.",
      "categorie": "competences",
      "priorite": "normale"
    }
  ],
  "analyse_detaillee": {
    "formation": {
      "categorie": "Formation",
      "score": 50.0,
      "elements_correspondants": [],
      "elements_manquants": [],
      "points_forts": [],
      "points_amelioration": [
        "Aucun de vos diplômes ou établissements ne semble mentionné directement dans l'offre."
      ],
      "resume": "Votre formation (50%) est un bon point de départ, mais pourrait être complétée pour correspondre parfaitement à l'offre."
    },
    "experience": {
      "categorie": "Expérience",
      "score": 33.0,
      "elements_correspondants": [],
      "elements_manquants": [],
      "points_forts": [],
      "points_amelioration": [
        "Le contenu de vos expériences pourrait être plus aligné avec la description de l'offre."
      ],
      "resume": "Il semble vous manquer une expérience significative (33%) pour ce poste. Valorisez vos stages, projets personnels ou formations."
    },
    "competences": {
      "categorie": "Compétences",
      "score": 23.0,
      "elements_correspondants": [],
      "elements_manquants": [
        {
          "description": "Html",
          "categorie": "competences",
          "importance": "moyenne"
        },
        {
          "description": "Css",
          "categorie": "competences",
          "importance": "moyenne"
        },
        {
          "description": "Ia",
          "categorie": "competences",
          "importance": "moyenne"
        },
        {
          "description": "Analyse",
          "categorie": "competences",
          "importance": "moyenne"
        },
        {
          "description": "Communication",
          "categorie": "competences",
          "importance": "moyenne"
        }
      ],
      "points_forts": [
        "Votre compétence 'git' est mentionnée dans l'offre.",
        "Votre compétence 'wordpress' est mentionnée dans l'offre.",
        "Votre compétence 'javascript' est mentionnée dans l'offre."
      ],
      "points_amelioration": [
        "Cette offre recherche 9 compétences techniques spécifiques. Concentrez-vous sur les plus importantes."
      ],
      "resume": "Un décalage important est noté sur les compétences clés (23%). C'est un bon axe de progression pour votre carrière."
    },
    "langues": {
      "categorie": "Langues",
      "score": 80.0,
      "elements_correspondants": [],
      "elements_manquants": [],
      "points_forts": [
        "Votre langue 'Français' est en lien avec l'offre.",
        "Votre langue 'Anglais' est en lien avec l'offre."
      ],
      "points_amelioration": [],
      "resume": "Vous maîtrisez les langues requises (80%) pour ce poste."
    }
  },
  "suggestions": [
    {
      "categorie": "formation",
      "description": "Pour renforcer votre profil, considérez : Aucun de vos diplômes ou établissements ne semble mentionné directement dans l'offre.",
      "priorite": "moyenne",
      "impact_estime": "moyen"
    },
    {
      "categorie": "experience",
      "description": "Pour renforcer votre profil, considérez : Le contenu de vos expériences pourrait être plus aligné avec la description de l'offre.",
      "priorite": "moyenne",
      "impact_estime": "moyen"
    },
    {
      "categorie": "competences",
      "description": "Pour renforcer votre profil, considérez : Cette offre recherche 9 compétences techniques spécifiques. Concentrez-vous sur les plus importantes.",
      "priorite": "moyenne",
      "impact_estime": "moyen"
    },
    {
      "categorie": "Compétences",
      "description": "Focus sur l'acquisition ou la mise en avant des compétences suivantes : Html, Css, Ia, Analyse, Communication.",
      "priorite": "haute",
      "impact_estime": "moyen"
    }
  ],
  "contexte_analyse": {
    "timestamp": "2025-06-30T02:05:07.182365",
    "version_api": "2.0.0",
    "niveau_confiance": "haute"
  },
  "competences_manquantes": [
    "Html",
    "Css",
    "Ia",
    "Analyse",
    "Communication"
  ]
}
2025-06-30 02:05:07,184 - INFO - Fin de l'analyse.
2025-06-30 02:05:07,185 - INFO - ==================================================

2025-06-30 02:05:33,280 - INFO - ==================================================
2025-06-30 02:05:33,280 - INFO - Début de l'analyse pour l'offre ID: 345 et candidat ID: 5
2025-06-30 02:05:33,280 - INFO - Données du candidat reçues (brutes):
{
  "id": 5,
  "nom": "EFFE Nick Ludvann",
  "email": "webgeniuses12@gmail.com",
  "telephone": "785303879",
  "titre": "  Développeur Web Full Stack ",
  "description": "Développeur Web Full Stack passionné, je maîtrise un large éventail de langages de programmation, dont PHP, HTML, CSS, JavaScript, SQL et Python. Fort d’une solide expérience dans la conception et le développement de projets web, je suis également compétent dans la maintenance de serveurs, le déploiement d’applications, la gestion efficace de bases de données, ainsi que la création d’API REST.",
  "competences": [
    "Esprit d'équipe ",
    "Python ",
    "Git GitHub ",
    "JavaScript ",
    "Maintenance des serveurs web",
    "Gestion de base de données ",
    "Mysql",
    "cms",
    "wordpress",
    "git",
    "Django ",
    "sql",
    "PHP"
  ],
  "formations": [
    {
      "diplome": "Géni informatiques ",
      "etablissement": "Ecole Supérieure Multinationale des Télécommunications (ESMT)",
      "niveau": "Licence1"
    },
    {
      "diplome": "Terminal D",
      "etablissement": "lycee pole emane eyegue(Libreville)",
      "niveau": "Secondaire"
    }
  ],
  "experiences": [
    {
      "poste": "Développeur Web – Site web pour entreprise numérique: https://advantech-group.space",
      "description": "Conception complète du site vitrine d&#039;une entreprise spécialisée dans les services numériques<br />\r\nIntégration d’un design moderne, responsive et optimisé pour le SEO<br />\r\nTechnologies : PHP, HTML, CSS, JavaScript<br />\r\nDéploiement sur hébergement mutualisé, gestion de la base de données,<br />\r\nje suis ce",
      "duree": -20.0
    },
    {
      "poste": "Développeur Full Stack – Plateforme de recrutement en ligne https://work-flexer.com",
      "description": "https://work-flexer.com \r\nCréation d’une plateforme web permettant la mise en relation entre recruteurs et candidats\r\nFonctionnalités : création de profil, génération de CV en ligne, publication et gestion d’offres d’emploi, messagerie intégrée\r\nTechnologies : PHP (architecture MVC), JavaScript, MySQL.",
      "duree": 1.0
    },
    {
      "poste": "je ne suis pas daccord",
      "description": "je <br />\r\nne veux<br />\r\npas qye<br />\r\ntu memdb<br />\r\nmandhd<br />\r\nksjd",
      "duree": 0.0
    }
  ],
  "langues": [
    {
      "nom": "Français ",
      "niveau": "Intermédiaire"
    },
    {
      "nom": "Anglais ",
      "niveau": "Intermédiaire"
    },
    {
      "nom": "bbbbbb",
      "niveau": "Intermédiaire"
    }
  ],
  "outils": [
    "Cursor",
    "Git",
    "VS code",
    "Wamp Server",
    "word"
  ]
}
2025-06-30 02:05:33,280 - INFO - Données de l'offre reçues (brutes):
{
  "id": 345,
  "titre": "Développeur Front-end Angular",
  "description": "<div class=\"job_description\"><p><b>Missions :</b></p><ul><li>Concevoir et développer l’interface utilisateur en Angular pour une application SaaS</li><li>Collaborer avec l’équipe back-end pour assurer l’intégration des API</li><li>Optimiser les performances et la qualité du code</li><li>Participer à la veille technologique et aux bonnes pratiques front-end</li></ul><p><b>Compétences clés :</b></p><ul><li>Très bonne maîtrise d’Angular</li><li>Expérience dans l’intégration d’API REST</li><li>Pratique des méthodes Agile / Scrum</li><li>Capacité de communication et travail en équipe</li></ul><p><b>Profil :</b></p><ul><li>Expérience réussie en développement front-end Angular</li><li>Autonomie, esprit d’initiative et souci de la qualité du code</li></ul><p>Possibilité de télétravail</p></div>",
  "secteur": "Non spécifié",
  "type_contrat": "CDD",
  "localisation": "Dakar, Sénégal",
  "texte_integral": "<div class=\"job_description\"><p><b>Missions :</b></p><ul><li>Concevoir et développer l’interface utilisateur en Angular pour une application SaaS</li><li>Collaborer avec l’équipe back-end pour assurer l’intégration des API</li><li>Optimiser les performances et la qualité du code</li><li>Participer à la veille technologique et aux bonnes pratiques front-end</li></ul><p><b>Compétences clés :</b></p><ul><li>Très bonne maîtrise d’Angular</li><li>Expérience dans l’intégration d’API REST</li><li>Pratique des méthodes Agile / Scrum</li><li>Capacité de communication et travail en équipe</li></ul><p><b>Profil :</b></p><ul><li>Expérience réussie en développement front-end Angular</li><li>Autonomie, esprit d’initiative et souci de la qualité du code</li></ul><p>Possibilité de télétravail</p></div>\n\n",
  "formation_requise": {
    "niveau_minimum": "Non spécifié"
  },
  "experience_requise": {
    "duree_minimum_mois": 0
  },
  "competences_requises": [],
  "langues_requises": []
}
2025-06-30 02:05:33,280 - INFO - Données du candidat après validation Pydantic:
{
  "id": 5,
  "nom": "EFFE Nick Ludvann",
  "email": "webgeniuses12@gmail.com",
  "telephone": "785303879",
  "titre": "  Développeur Web Full Stack ",
  "description": "Développeur Web Full Stack passionné, je maîtrise un large éventail de langages de programmation, dont PHP, HTML, CSS, JavaScript, SQL et Python. Fort d’une solide expérience dans la conception et le développement de projets web, je suis également compétent dans la maintenance de serveurs, le déploiement d’applications, la gestion efficace de bases de données, ainsi que la création d’API REST.",
  "competences": [
    "Esprit d'équipe ",
    "Python ",
    "Git GitHub ",
    "JavaScript ",
    "Maintenance des serveurs web",
    "Gestion de base de données ",
    "Mysql",
    "cms",
    "wordpress",
    "git",
    "Django ",
    "sql",
    "PHP"
  ],
  "formations": [
    {
      "diplome": "Géni informatiques ",
      "etablissement": "Ecole Supérieure Multinationale des Télécommunications (ESMT)",
      "niveau": "Licence1"
    },
    {
      "diplome": "Terminal D",
      "etablissement": "lycee pole emane eyegue(Libreville)",
      "niveau": "Secondaire"
    }
  ],
  "experiences": [
    {
      "poste": "Développeur Web – Site web pour entreprise numérique: https://advantech-group.space",
      "description": "Conception complète du site vitrine d&#039;une entreprise spécialisée dans les services numériques<br />\r\nIntégration d’un design moderne, responsive et optimisé pour le SEO<br />\r\nTechnologies : PHP, HTML, CSS, JavaScript<br />\r\nDéploiement sur hébergement mutualisé, gestion de la base de données,<br />\r\nje suis ce",
      "duree": -20.0
    },
    {
      "poste": "Développeur Full Stack – Plateforme de recrutement en ligne https://work-flexer.com",
      "description": "https://work-flexer.com \r\nCréation d’une plateforme web permettant la mise en relation entre recruteurs et candidats\r\nFonctionnalités : création de profil, génération de CV en ligne, publication et gestion d’offres d’emploi, messagerie intégrée\r\nTechnologies : PHP (architecture MVC), JavaScript, MySQL.",
      "duree": 1.0
    },
    {
      "poste": "je ne suis pas daccord",
      "description": "je <br />\r\nne veux<br />\r\npas qye<br />\r\ntu memdb<br />\r\nmandhd<br />\r\nksjd",
      "duree": 0.0
    }
  ],
  "langues": [
    {
      "nom": "Français ",
      "niveau": "Intermédiaire"
    },
    {
      "nom": "Anglais ",
      "niveau": "Intermédiaire"
    },
    {
      "nom": "bbbbbb",
      "niveau": "Intermédiaire"
    }
  ],
  "outils": [
    "Cursor",
    "Git",
    "VS code",
    "Wamp Server",
    "word"
  ],
  "texte_integral": null
}
2025-06-30 02:05:33,296 - INFO - Données de l'offre après validation Pydantic:
{
  "id": 345,
  "titre": "Développeur Front-end Angular",
  "description": "<div class=\"job_description\"><p><b>Missions :</b></p><ul><li>Concevoir et développer l’interface utilisateur en Angular pour une application SaaS</li><li>Collaborer avec l’équipe back-end pour assurer l’intégration des API</li><li>Optimiser les performances et la qualité du code</li><li>Participer à la veille technologique et aux bonnes pratiques front-end</li></ul><p><b>Compétences clés :</b></p><ul><li>Très bonne maîtrise d’Angular</li><li>Expérience dans l’intégration d’API REST</li><li>Pratique des méthodes Agile / Scrum</li><li>Capacité de communication et travail en équipe</li></ul><p><b>Profil :</b></p><ul><li>Expérience réussie en développement front-end Angular</li><li>Autonomie, esprit d’initiative et souci de la qualité du code</li></ul><p>Possibilité de télétravail</p></div>",
  "secteur": "Non spécifié",
  "type_contrat": "CDD",
  "localisation": "Dakar, Sénégal",
  "texte_integral": "<div class=\"job_description\"><p><b>Missions :</b></p><ul><li>Concevoir et développer l’interface utilisateur en Angular pour une application SaaS</li><li>Collaborer avec l’équipe back-end pour assurer l’intégration des API</li><li>Optimiser les performances et la qualité du code</li><li>Participer à la veille technologique et aux bonnes pratiques front-end</li></ul><p><b>Compétences clés :</b></p><ul><li>Très bonne maîtrise d’Angular</li><li>Expérience dans l’intégration d’API REST</li><li>Pratique des méthodes Agile / Scrum</li><li>Capacité de communication et travail en équipe</li></ul><p><b>Profil :</b></p><ul><li>Expérience réussie en développement front-end Angular</li><li>Autonomie, esprit d’initiative et souci de la qualité du code</li></ul><p>Possibilité de télétravail</p></div>\n\n",
  "formation_requise": {
    "niveau_minimum": "Non spécifié"
  },
  "experience_requise": {
    "duree_minimum_mois": 0
  },
  "competences_requises": [],
  "langues_requises": []
}
2025-06-30 02:05:36,240 - INFO - Rapport d'analyse final généré:
{
  "score_global": 31.0,
  "score_global_semantique": 32.0,
  "niveau_adequation": "Passable",
  "resume": "Il y a du potentiel. (31%) Il y a des points qui matchent, mais aussi des écarts. Concentrez-vous sur les suggestions pour les prochaines fois.",
  "points_forts": [],
  "points_amelioration": [
    {
      "description": "Aucun de vos diplômes ou établissements ne semble mentionné directement dans l'offre.",
      "categorie": "formation",
      "priorite": "normale"
    },
    {
      "description": "Le contenu de vos expériences pourrait être plus aligné avec la description de l'offre.",
      "categorie": "experience",
      "priorite": "normale"
    },
    {
      "description": "Cette offre recherche 7 compétences techniques spécifiques. Concentrez-vous sur les plus importantes.",
      "categorie": "competences",
      "priorite": "normale"
    }
  ],
  "analyse_detaillee": {
    "formation": {
      "categorie": "Formation",
      "score": 50.0,
      "elements_correspondants": [],
      "elements_manquants": [],
      "points_forts": [],
      "points_amelioration": [
        "Aucun de vos diplômes ou établissements ne semble mentionné directement dans l'offre."
      ],
      "resume": "Votre formation (50%) est un bon point de départ, mais pourrait être complétée pour correspondre parfaitement à l'offre."
    },
    "experience": {
      "categorie": "Expérience",
      "score": 38.0,
      "elements_correspondants": [],
      "elements_manquants": [],
      "points_forts": [],
      "points_amelioration": [
        "Le contenu de vos expériences pourrait être plus aligné avec la description de l'offre."
      ],
      "resume": "Il semble vous manquer une expérience significative (38%) pour ce poste. Valorisez vos stages, projets personnels ou formations."
    },
    "competences": {
      "categorie": "Compétences",
      "score": 10.0,
      "elements_correspondants": [],
      "elements_manquants": [
        {
          "description": "Angular",
          "categorie": "competences",
          "importance": "moyenne"
        },
        {
          "description": "Api",
          "categorie": "competences",
          "importance": "moyenne"
        },
        {
          "description": "Rest",
          "categorie": "competences",
          "importance": "moyenne"
        },
        {
          "description": "Scrum",
          "categorie": "competences",
          "importance": "moyenne"
        },
        {
          "description": "Agile",
          "categorie": "competences",
          "importance": "moyenne"
        },
        {
          "description": "Ia",
          "categorie": "competences",
          "importance": "moyenne"
        },
        {
          "description": "Communication",
          "categorie": "competences",
          "importance": "moyenne"
        }
      ],
      "points_forts": [],
      "points_amelioration": [
        "Cette offre recherche 7 compétences techniques spécifiques. Concentrez-vous sur les plus importantes."
      ],
      "resume": "Un décalage important est noté sur les compétences clés (10%). C'est un bon axe de progression pour votre carrière."
    },
    "langues": {
      "categorie": "Langues",
      "score": 30.0,
      "elements_correspondants": [],
      "elements_manquants": [],
      "points_forts": [],
      "points_amelioration": [],
      "resume": "Les exigences linguistiques (30%) pour ce poste ne semblent pas être atteintes."
    }
  },
  "suggestions": [
    {
      "categorie": "formation",
      "description": "Pour renforcer votre profil, considérez : Aucun de vos diplômes ou établissements ne semble mentionné directement dans l'offre.",
      "priorite": "moyenne",
      "impact_estime": "moyen"
    },
    {
      "categorie": "experience",
      "description": "Pour renforcer votre profil, considérez : Le contenu de vos expériences pourrait être plus aligné avec la description de l'offre.",
      "priorite": "moyenne",
      "impact_estime": "moyen"
    },
    {
      "categorie": "competences",
      "description": "Pour renforcer votre profil, considérez : Cette offre recherche 7 compétences techniques spécifiques. Concentrez-vous sur les plus importantes.",
      "priorite": "moyenne",
      "impact_estime": "moyen"
    },
    {
      "categorie": "Compétences",
      "description": "Focus sur l'acquisition ou la mise en avant des compétences suivantes : Angular, Api, Rest, Scrum, Agile, Ia, Communication.",
      "priorite": "haute",
      "impact_estime": "moyen"
    }
  ],
  "contexte_analyse": {
    "timestamp": "2025-06-30T02:05:36.240765",
    "version_api": "2.0.0",
    "niveau_confiance": "haute"
  },
  "competences_manquantes": [
    "Angular",
    "Api",
    "Rest",
    "Scrum",
    "Agile",
    "Ia",
    "Communication"
  ]
}
2025-06-30 02:05:36,240 - INFO - Fin de l'analyse.
2025-06-30 02:05:36,240 - INFO - ==================================================

2025-06-30 02:05:56,444 - INFO - ==================================================
2025-06-30 02:05:56,444 - INFO - Début de l'analyse pour l'offre ID: 505 et candidat ID: 5
2025-06-30 02:05:56,444 - INFO - Données du candidat reçues (brutes):
{
  "id": 5,
  "nom": "EFFE Nick Ludvann",
  "email": "webgeniuses12@gmail.com",
  "telephone": "785303879",
  "titre": "  Développeur Web Full Stack ",
  "description": "Développeur Web Full Stack passionné, je maîtrise un large éventail de langages de programmation, dont PHP, HTML, CSS, JavaScript, SQL et Python. Fort d’une solide expérience dans la conception et le développement de projets web, je suis également compétent dans la maintenance de serveurs, le déploiement d’applications, la gestion efficace de bases de données, ainsi que la création d’API REST.",
  "competences": [
    "Esprit d'équipe ",
    "Python ",
    "Git GitHub ",
    "JavaScript ",
    "Maintenance des serveurs web",
    "Gestion de base de données ",
    "Mysql",
    "cms",
    "wordpress",
    "git",
    "Django ",
    "sql",
    "PHP"
  ],
  "formations": [
    {
      "diplome": "Géni informatiques ",
      "etablissement": "Ecole Supérieure Multinationale des Télécommunications (ESMT)",
      "niveau": "Licence1"
    },
    {
      "diplome": "Terminal D",
      "etablissement": "lycee pole emane eyegue(Libreville)",
      "niveau": "Secondaire"
    }
  ],
  "experiences": [
    {
      "poste": "Développeur Web – Site web pour entreprise numérique: https://advantech-group.space",
      "description": "Conception complète du site vitrine d&#039;une entreprise spécialisée dans les services numériques<br />\r\nIntégration d’un design moderne, responsive et optimisé pour le SEO<br />\r\nTechnologies : PHP, HTML, CSS, JavaScript<br />\r\nDéploiement sur hébergement mutualisé, gestion de la base de données,<br />\r\nje suis ce",
      "duree": -20.0
    },
    {
      "poste": "Développeur Full Stack – Plateforme de recrutement en ligne https://work-flexer.com",
      "description": "https://work-flexer.com \r\nCréation d’une plateforme web permettant la mise en relation entre recruteurs et candidats\r\nFonctionnalités : création de profil, génération de CV en ligne, publication et gestion d’offres d’emploi, messagerie intégrée\r\nTechnologies : PHP (architecture MVC), JavaScript, MySQL.",
      "duree": 1.0
    },
    {
      "poste": "je ne suis pas daccord",
      "description": "je <br />\r\nne veux<br />\r\npas qye<br />\r\ntu memdb<br />\r\nmandhd<br />\r\nksjd",
      "duree": 0.0
    }
  ],
  "langues": [
    {
      "nom": "Français ",
      "niveau": "Intermédiaire"
    },
    {
      "nom": "Anglais ",
      "niveau": "Intermédiaire"
    },
    {
      "nom": "bbbbbb",
      "niveau": "Intermédiaire"
    }
  ],
  "outils": [
    "Cursor",
    "Git",
    "VS code",
    "Wamp Server",
    "word"
  ]
}
2025-06-30 02:05:56,444 - INFO - Données de l'offre reçues (brutes):
{
  "id": 505,
  "titre": "Développeur fullstack",
  "description": "",
  "secteur": "Non spécifié",
  "type_contrat": "Stage",
  "localisation": "Dakar, Sénégal",
  "texte_integral": "\n\n",
  "formation_requise": {
    "niveau_minimum": "Non spécifié"
  },
  "experience_requise": {
    "duree_minimum_mois": 0
  },
  "competences_requises": [],
  "langues_requises": []
}
2025-06-30 02:05:56,444 - INFO - Données du candidat après validation Pydantic:
{
  "id": 5,
  "nom": "EFFE Nick Ludvann",
  "email": "webgeniuses12@gmail.com",
  "telephone": "785303879",
  "titre": "  Développeur Web Full Stack ",
  "description": "Développeur Web Full Stack passionné, je maîtrise un large éventail de langages de programmation, dont PHP, HTML, CSS, JavaScript, SQL et Python. Fort d’une solide expérience dans la conception et le développement de projets web, je suis également compétent dans la maintenance de serveurs, le déploiement d’applications, la gestion efficace de bases de données, ainsi que la création d’API REST.",
  "competences": [
    "Esprit d'équipe ",
    "Python ",
    "Git GitHub ",
    "JavaScript ",
    "Maintenance des serveurs web",
    "Gestion de base de données ",
    "Mysql",
    "cms",
    "wordpress",
    "git",
    "Django ",
    "sql",
    "PHP"
  ],
  "formations": [
    {
      "diplome": "Géni informatiques ",
      "etablissement": "Ecole Supérieure Multinationale des Télécommunications (ESMT)",
      "niveau": "Licence1"
    },
    {
      "diplome": "Terminal D",
      "etablissement": "lycee pole emane eyegue(Libreville)",
      "niveau": "Secondaire"
    }
  ],
  "experiences": [
    {
      "poste": "Développeur Web – Site web pour entreprise numérique: https://advantech-group.space",
      "description": "Conception complète du site vitrine d&#039;une entreprise spécialisée dans les services numériques<br />\r\nIntégration d’un design moderne, responsive et optimisé pour le SEO<br />\r\nTechnologies : PHP, HTML, CSS, JavaScript<br />\r\nDéploiement sur hébergement mutualisé, gestion de la base de données,<br />\r\nje suis ce",
      "duree": -20.0
    },
    {
      "poste": "Développeur Full Stack – Plateforme de recrutement en ligne https://work-flexer.com",
      "description": "https://work-flexer.com \r\nCréation d’une plateforme web permettant la mise en relation entre recruteurs et candidats\r\nFonctionnalités : création de profil, génération de CV en ligne, publication et gestion d’offres d’emploi, messagerie intégrée\r\nTechnologies : PHP (architecture MVC), JavaScript, MySQL.",
      "duree": 1.0
    },
    {
      "poste": "je ne suis pas daccord",
      "description": "je <br />\r\nne veux<br />\r\npas qye<br />\r\ntu memdb<br />\r\nmandhd<br />\r\nksjd",
      "duree": 0.0
    }
  ],
  "langues": [
    {
      "nom": "Français ",
      "niveau": "Intermédiaire"
    },
    {
      "nom": "Anglais ",
      "niveau": "Intermédiaire"
    },
    {
      "nom": "bbbbbb",
      "niveau": "Intermédiaire"
    }
  ],
  "outils": [
    "Cursor",
    "Git",
    "VS code",
    "Wamp Server",
    "word"
  ],
  "texte_integral": null
}
2025-06-30 02:05:56,444 - INFO - Données de l'offre après validation Pydantic:
{
  "id": 505,
  "titre": "Développeur fullstack",
  "description": "",
  "secteur": "Non spécifié",
  "type_contrat": "Stage",
  "localisation": "Dakar, Sénégal",
  "texte_integral": "\n\n",
  "formation_requise": {
    "niveau_minimum": "Non spécifié"
  },
  "experience_requise": {
    "duree_minimum_mois": 0
  },
  "competences_requises": [],
  "langues_requises": []
}
2025-06-30 02:06:04,543 - INFO - ==================================================
2025-06-30 02:06:04,555 - INFO - Début de l'analyse pour l'offre ID: 358 et candidat ID: 5
2025-06-30 02:06:04,556 - INFO - Données du candidat reçues (brutes):
{
  "id": 5,
  "nom": "EFFE Nick Ludvann",
  "email": "webgeniuses12@gmail.com",
  "telephone": "785303879",
  "titre": "  Développeur Web Full Stack ",
  "description": "Développeur Web Full Stack passionné, je maîtrise un large éventail de langages de programmation, dont PHP, HTML, CSS, JavaScript, SQL et Python. Fort d’une solide expérience dans la conception et le développement de projets web, je suis également compétent dans la maintenance de serveurs, le déploiement d’applications, la gestion efficace de bases de données, ainsi que la création d’API REST.",
  "competences": [
    "Esprit d'équipe ",
    "Python ",
    "Git GitHub ",
    "JavaScript ",
    "Maintenance des serveurs web",
    "Gestion de base de données ",
    "Mysql",
    "cms",
    "wordpress",
    "git",
    "Django ",
    "sql",
    "PHP"
  ],
  "formations": [
    {
      "diplome": "Géni informatiques ",
      "etablissement": "Ecole Supérieure Multinationale des Télécommunications (ESMT)",
      "niveau": "Licence1"
    },
    {
      "diplome": "Terminal D",
      "etablissement": "lycee pole emane eyegue(Libreville)",
      "niveau": "Secondaire"
    }
  ],
  "experiences": [
    {
      "poste": "Développeur Web – Site web pour entreprise numérique: https://advantech-group.space",
      "description": "Conception complète du site vitrine d&#039;une entreprise spécialisée dans les services numériques<br />\r\nIntégration d’un design moderne, responsive et optimisé pour le SEO<br />\r\nTechnologies : PHP, HTML, CSS, JavaScript<br />\r\nDéploiement sur hébergement mutualisé, gestion de la base de données,<br />\r\nje suis ce",
      "duree": -20.0
    },
    {
      "poste": "Développeur Full Stack – Plateforme de recrutement en ligne https://work-flexer.com",
      "description": "https://work-flexer.com \r\nCréation d’une plateforme web permettant la mise en relation entre recruteurs et candidats\r\nFonctionnalités : création de profil, génération de CV en ligne, publication et gestion d’offres d’emploi, messagerie intégrée\r\nTechnologies : PHP (architecture MVC), JavaScript, MySQL.",
      "duree": 1.0
    },
    {
      "poste": "je ne suis pas daccord",
      "description": "je <br />\r\nne veux<br />\r\npas qye<br />\r\ntu memdb<br />\r\nmandhd<br />\r\nksjd",
      "duree": 0.0
    }
  ],
  "langues": [
    {
      "nom": "Français ",
      "niveau": "Intermédiaire"
    },
    {
      "nom": "Anglais ",
      "niveau": "Intermédiaire"
    },
    {
      "nom": "bbbbbb",
      "niveau": "Intermédiaire"
    }
  ],
  "outils": [
    "Cursor",
    "Git",
    "VS code",
    "Wamp Server",
    "word"
  ]
}
2025-06-30 02:06:04,562 - INFO - Données de l'offre reçues (brutes):
{
  "id": 358,
  "titre": "10 Stagiaires",
  "description": "<div class=\"job_description\"><p><strong>Avis d’offre de stage</strong></p><p>L’Agence nationale de la Statistique et de la Démographie (ANSD) lance un appel à candidatures pour l’offre de dix (10) postes de stage. Les stagiaires seront accueillis à la Direction de la Méthodologie, de la Coordination statistique et de l’Innovation (DMCI) dans le cadre du projet d’appui au Système statistique national (HISWACA<br/>\nSOP1-SENEGAL), pour une durée six (06) mois, renouvelable sur la base d’une évaluation de performances jugée satisfaisante.</p><p>Sous la supervision du Chef de la Division de la Méthodologie et de l’Innovation (DMI), les dix (10) travailleront sous l’autorité directe du Chef du Bureau de la Recherche et de l’Innovation (BRI) et contribueront activement à la réalisation des objectifs stratégiques et opérationnels du Data innovation lab. Les stagiaires auront les tâches, qualifications et aptitudes suivantes :</p><p><strong>Description des tâches </strong></p><p><strong>Mission(s) principale(s):</strong></p><p>La mission des 10 stagiaires est de contribuer activement à la réalisation des objectifs stratégiques et opérationnels du data innovation lab. Elle inclura diverses activités en lien avec l’innovation, l’analyse de données et la gestion de projets dans le domaine des statistiques publiques. En plus d’exécuter toutes tâches confiées par la hiérarchie,<br/>\nils seront chargés, entre autres, des missions suivantes selon le profil:</p><p>Profils Géomaticien / Informaticien / Data engineer:</p><ul><li>collecter des données géospatiales provenant de multiples sources (satellites, drones, bases de données publiques, capteurs, etc.);</li><li>effectuer le nettoyage et le prétraitement des données pour garantir leur qualité et leur précision;</li><li>collaborer avec des experts et développeurs pour intégrer des sources de  données variées et produire des ensembles cohérents;</li><li>participer à des projets interdisciplinaires et documenter les méthodologies et résultats pour en garantir la traçabilité;</li><li>vulgariser les résultats des recherches auprès des parties prenantes et assurer le transfert de compétences en analyse géospatiale.</li></ul><p>Profils Data Scientist / Statisticien / Machine Learning engineer:</p><ul><li>explorer et appliquer de nouvelles approches en science des données et</li><li>apprentissage automatique pour améliorer les processus de production statistique;</li><li>concevoir et tester des prototypes de solutions innovantes avant leur déploiement;</li><li>identifier des sources de données non conventionnelles et contribuer à leur intégration dans les systèmes existants;</li><li>proposer des solutions permettant d’optimiser l’utilisation des données issues des enquêtes nationales et des recensements (RGPH, RNE, RNA);</li><li>participer à des projets au sein du Data Innovation et documenter les  algorithmes, processus et résultats pour une meilleure compréhension et reproductibilité.</li></ul><p>Data project manager :</p><ul><li>assister dans la coordination des projets liés à l’innovation statistique et à l’utilisation des données massives;</li><li>participer à la gestion des délais, des ressources et des priorités pour garantir le succès des projets stratégiques de la DMI;</li><li>contribuer à l’élaboration et au suivi des indicateurs de performance des projets innovants.</li></ul><p>I<strong>Qualifications et aptitudes</strong></p><p>Les candidats recherchés doivent justifier de solides qualifications académiques et techniques, ainsi que d’aptitudes personnelles leur permettant de s’adapter à un environnement multidisciplinaire et innovant.</p><p><strong>Qualifications académiques </strong></p><ul><li>être titulaire d’un diplôme de niveau Bac+3 ou plus dans l’un des domaines suivants: statistiques, data science, géomatique, informatique, économie ou toute autre discipline pertinente;</li><li>avoir une spécialisation en science des données, systèmes d’information géographique (SIG), apprentissage automatique ou équivalent est fortement valorisée.</li></ul><p><strong>Compétences techniques </strong></p><ul><li>analyse et modélisation des données maîtrise des concepts avancés de statistiques, apprentissage automatique (Machine Learning) et méthodes de Deep Learning (NLP, reconnaissance automatique de la parole, vision par ordinateur, etc.);</li><li>programmation: compétence en langages de programmation tels que <a href=\"https://www.emploidakar.com/mooc-python/\">Python</a>, R, SQL et familiarité avec des outils de scripting;</li><li>gestion de données géospatiales capacité à traiter, analyser et intégrer des données géo-référencées issues de satellites, drones ou capteurs terrestres ;</li><li>cartographie et SIG: expertise dans l’utilisation de logiciels SIG tels que ArcGIS Pro, QGIS, PostGIS ou équivalents;</li><li>versioning et déploiement : familiarité avec des outils de gestion de versions (GitHub, GitLab) et de containerisation (Docker, Kubernetes);</li><li>outils et frameworks: expérience avec des bibliothèques et frameworks de data science ou géomatique (TensorFlow, PyTorch, scikit-learn, GDAL, etc.).</li></ul><p><strong>Aptitudes personnelles et professionnelles </strong></p><ul><li>travail en équipe : capacité à collaborer avec des experts de divers domaines.  pour atteindre des objectifs communs;</li><li>autonomie et adaptabilité : faculté à travailler de manière indépendante tout en s’adaptant rapidement à des environnements dynamiques et multidisciplinaires ;</li><li>communication: aptitudes démontrées en communication orale et écrite pour vulgariser des résultats complexes auprès de publics variés ;</li><li>esprit analytique : capacité à résoudre des problèmes complexes en utilisant des approches méthodiques et innovantes.</li><li>Expérience souhaitée : une expérience préalable (stages, projets académiques ou professionnels) dans l’un des domaines suivants : data science, systèmes d’information géographique, intelligence artificielle ou traitement des données.</li></ul><p><strong>Dépôt des candidatures</strong></p><p>Les candidats doivent postuler en envoyant leur CV, diplômes et certifications obtenues via la plateforme de stage <a href=\"http://recrute.ansd.sn\" rel=\"noopener\" target=\"_blank\">http://recrute.ansd.sn</a> disponible sur le site web <a href=\"http://ansd.sn\" rel=\"noopener\" target=\"_blank\">www.ansd.sn</a> de l’ANSD.</p><p>Date limite de dépôt des candidatures: le vendredi 24 janvier 2025 à 17 heures précises.</p><p>Il ne sera donné suite qu’aux candidatures pour lesquelles l’ANSD aura exprimé un intérêt et les présélectionnés compléteront leurs dossiers (copies légalisées des diplômes, des attestations de stage et certifications obtenues).</p><p>Les stagiaires doivent être disponibles tout de suite pour les postes.</p></div>",
  "secteur": "Non spécifié",
  "type_contrat": "Stage",
  "localisation": "Dakar, Sénégal",
  "texte_integral": "<div class=\"job_description\"><p><strong>Avis d’offre de stage</strong></p><p>L’Agence nationale de la Statistique et de la Démographie (ANSD) lance un appel à candidatures pour l’offre de dix (10) postes de stage. Les stagiaires seront accueillis à la Direction de la Méthodologie, de la Coordination statistique et de l’Innovation (DMCI) dans le cadre du projet d’appui au Système statistique national (HISWACA<br/>\nSOP1-SENEGAL), pour une durée six (06) mois, renouvelable sur la base d’une évaluation de performances jugée satisfaisante.</p><p>Sous la supervision du Chef de la Division de la Méthodologie et de l’Innovation (DMI), les dix (10) travailleront sous l’autorité directe du Chef du Bureau de la Recherche et de l’Innovation (BRI) et contribueront activement à la réalisation des objectifs stratégiques et opérationnels du Data innovation lab. Les stagiaires auront les tâches, qualifications et aptitudes suivantes :</p><p><strong>Description des tâches </strong></p><p><strong>Mission(s) principale(s):</strong></p><p>La mission des 10 stagiaires est de contribuer activement à la réalisation des objectifs stratégiques et opérationnels du data innovation lab. Elle inclura diverses activités en lien avec l’innovation, l’analyse de données et la gestion de projets dans le domaine des statistiques publiques. En plus d’exécuter toutes tâches confiées par la hiérarchie,<br/>\nils seront chargés, entre autres, des missions suivantes selon le profil:</p><p>Profils Géomaticien / Informaticien / Data engineer:</p><ul><li>collecter des données géospatiales provenant de multiples sources (satellites, drones, bases de données publiques, capteurs, etc.);</li><li>effectuer le nettoyage et le prétraitement des données pour garantir leur qualité et leur précision;</li><li>collaborer avec des experts et développeurs pour intégrer des sources de  données variées et produire des ensembles cohérents;</li><li>participer à des projets interdisciplinaires et documenter les méthodologies et résultats pour en garantir la traçabilité;</li><li>vulgariser les résultats des recherches auprès des parties prenantes et assurer le transfert de compétences en analyse géospatiale.</li></ul><p>Profils Data Scientist / Statisticien / Machine Learning engineer:</p><ul><li>explorer et appliquer de nouvelles approches en science des données et</li><li>apprentissage automatique pour améliorer les processus de production statistique;</li><li>concevoir et tester des prototypes de solutions innovantes avant leur déploiement;</li><li>identifier des sources de données non conventionnelles et contribuer à leur intégration dans les systèmes existants;</li><li>proposer des solutions permettant d’optimiser l’utilisation des données issues des enquêtes nationales et des recensements (RGPH, RNE, RNA);</li><li>participer à des projets au sein du Data Innovation et documenter les  algorithmes, processus et résultats pour une meilleure compréhension et reproductibilité.</li></ul><p>Data project manager :</p><ul><li>assister dans la coordination des projets liés à l’innovation statistique et à l’utilisation des données massives;</li><li>participer à la gestion des délais, des ressources et des priorités pour garantir le succès des projets stratégiques de la DMI;</li><li>contribuer à l’élaboration et au suivi des indicateurs de performance des projets innovants.</li></ul><p>I<strong>Qualifications et aptitudes</strong></p><p>Les candidats recherchés doivent justifier de solides qualifications académiques et techniques, ainsi que d’aptitudes personnelles leur permettant de s’adapter à un environnement multidisciplinaire et innovant.</p><p><strong>Qualifications académiques </strong></p><ul><li>être titulaire d’un diplôme de niveau Bac+3 ou plus dans l’un des domaines suivants: statistiques, data science, géomatique, informatique, économie ou toute autre discipline pertinente;</li><li>avoir une spécialisation en science des données, systèmes d’information géographique (SIG), apprentissage automatique ou équivalent est fortement valorisée.</li></ul><p><strong>Compétences techniques </strong></p><ul><li>analyse et modélisation des données maîtrise des concepts avancés de statistiques, apprentissage automatique (Machine Learning) et méthodes de Deep Learning (NLP, reconnaissance automatique de la parole, vision par ordinateur, etc.);</li><li>programmation: compétence en langages de programmation tels que <a href=\"https://www.emploidakar.com/mooc-python/\">Python</a>, R, SQL et familiarité avec des outils de scripting;</li><li>gestion de données géospatiales capacité à traiter, analyser et intégrer des données géo-référencées issues de satellites, drones ou capteurs terrestres ;</li><li>cartographie et SIG: expertise dans l’utilisation de logiciels SIG tels que ArcGIS Pro, QGIS, PostGIS ou équivalents;</li><li>versioning et déploiement : familiarité avec des outils de gestion de versions (GitHub, GitLab) et de containerisation (Docker, Kubernetes);</li><li>outils et frameworks: expérience avec des bibliothèques et frameworks de data science ou géomatique (TensorFlow, PyTorch, scikit-learn, GDAL, etc.).</li></ul><p><strong>Aptitudes personnelles et professionnelles </strong></p><ul><li>travail en équipe : capacité à collaborer avec des experts de divers domaines.  pour atteindre des objectifs communs;</li><li>autonomie et adaptabilité : faculté à travailler de manière indépendante tout en s’adaptant rapidement à des environnements dynamiques et multidisciplinaires ;</li><li>communication: aptitudes démontrées en communication orale et écrite pour vulgariser des résultats complexes auprès de publics variés ;</li><li>esprit analytique : capacité à résoudre des problèmes complexes en utilisant des approches méthodiques et innovantes.</li><li>Expérience souhaitée : une expérience préalable (stages, projets académiques ou professionnels) dans l’un des domaines suivants : data science, systèmes d’information géographique, intelligence artificielle ou traitement des données.</li></ul><p><strong>Dépôt des candidatures</strong></p><p>Les candidats doivent postuler en envoyant leur CV, diplômes et certifications obtenues via la plateforme de stage <a href=\"http://recrute.ansd.sn\" rel=\"noopener\" target=\"_blank\">http://recrute.ansd.sn</a> disponible sur le site web <a href=\"http://ansd.sn\" rel=\"noopener\" target=\"_blank\">www.ansd.sn</a> de l’ANSD.</p><p>Date limite de dépôt des candidatures: le vendredi 24 janvier 2025 à 17 heures précises.</p><p>Il ne sera donné suite qu’aux candidatures pour lesquelles l’ANSD aura exprimé un intérêt et les présélectionnés compléteront leurs dossiers (copies légalisées des diplômes, des attestations de stage et certifications obtenues).</p><p>Les stagiaires doivent être disponibles tout de suite pour les postes.</p></div>\n\n",
  "formation_requise": {
    "niveau_minimum": "BAC+3"
  },
  "experience_requise": {
    "duree_minimum_mois": 0
  },
  "competences_requises": [],
  "langues_requises": []
}
2025-06-30 02:06:04,562 - INFO - Données du candidat après validation Pydantic:
{
  "id": 5,
  "nom": "EFFE Nick Ludvann",
  "email": "webgeniuses12@gmail.com",
  "telephone": "785303879",
  "titre": "  Développeur Web Full Stack ",
  "description": "Développeur Web Full Stack passionné, je maîtrise un large éventail de langages de programmation, dont PHP, HTML, CSS, JavaScript, SQL et Python. Fort d’une solide expérience dans la conception et le développement de projets web, je suis également compétent dans la maintenance de serveurs, le déploiement d’applications, la gestion efficace de bases de données, ainsi que la création d’API REST.",
  "competences": [
    "Esprit d'équipe ",
    "Python ",
    "Git GitHub ",
    "JavaScript ",
    "Maintenance des serveurs web",
    "Gestion de base de données ",
    "Mysql",
    "cms",
    "wordpress",
    "git",
    "Django ",
    "sql",
    "PHP"
  ],
  "formations": [
    {
      "diplome": "Géni informatiques ",
      "etablissement": "Ecole Supérieure Multinationale des Télécommunications (ESMT)",
      "niveau": "Licence1"
    },
    {
      "diplome": "Terminal D",
      "etablissement": "lycee pole emane eyegue(Libreville)",
      "niveau": "Secondaire"
    }
  ],
  "experiences": [
    {
      "poste": "Développeur Web – Site web pour entreprise numérique: https://advantech-group.space",
      "description": "Conception complète du site vitrine d&#039;une entreprise spécialisée dans les services numériques<br />\r\nIntégration d’un design moderne, responsive et optimisé pour le SEO<br />\r\nTechnologies : PHP, HTML, CSS, JavaScript<br />\r\nDéploiement sur hébergement mutualisé, gestion de la base de données,<br />\r\nje suis ce",
      "duree": -20.0
    },
    {
      "poste": "Développeur Full Stack – Plateforme de recrutement en ligne https://work-flexer.com",
      "description": "https://work-flexer.com \r\nCréation d’une plateforme web permettant la mise en relation entre recruteurs et candidats\r\nFonctionnalités : création de profil, génération de CV en ligne, publication et gestion d’offres d’emploi, messagerie intégrée\r\nTechnologies : PHP (architecture MVC), JavaScript, MySQL.",
      "duree": 1.0
    },
    {
      "poste": "je ne suis pas daccord",
      "description": "je <br />\r\nne veux<br />\r\npas qye<br />\r\ntu memdb<br />\r\nmandhd<br />\r\nksjd",
      "duree": 0.0
    }
  ],
  "langues": [
    {
      "nom": "Français ",
      "niveau": "Intermédiaire"
    },
    {
      "nom": "Anglais ",
      "niveau": "Intermédiaire"
    },
    {
      "nom": "bbbbbb",
      "niveau": "Intermédiaire"
    }
  ],
  "outils": [
    "Cursor",
    "Git",
    "VS code",
    "Wamp Server",
    "word"
  ],
  "texte_integral": null
}
2025-06-30 02:06:04,562 - INFO - Données de l'offre après validation Pydantic:
{
  "id": 358,
  "titre": "10 Stagiaires",
  "description": "<div class=\"job_description\"><p><strong>Avis d’offre de stage</strong></p><p>L’Agence nationale de la Statistique et de la Démographie (ANSD) lance un appel à candidatures pour l’offre de dix (10) postes de stage. Les stagiaires seront accueillis à la Direction de la Méthodologie, de la Coordination statistique et de l’Innovation (DMCI) dans le cadre du projet d’appui au Système statistique national (HISWACA<br/>\nSOP1-SENEGAL), pour une durée six (06) mois, renouvelable sur la base d’une évaluation de performances jugée satisfaisante.</p><p>Sous la supervision du Chef de la Division de la Méthodologie et de l’Innovation (DMI), les dix (10) travailleront sous l’autorité directe du Chef du Bureau de la Recherche et de l’Innovation (BRI) et contribueront activement à la réalisation des objectifs stratégiques et opérationnels du Data innovation lab. Les stagiaires auront les tâches, qualifications et aptitudes suivantes :</p><p><strong>Description des tâches </strong></p><p><strong>Mission(s) principale(s):</strong></p><p>La mission des 10 stagiaires est de contribuer activement à la réalisation des objectifs stratégiques et opérationnels du data innovation lab. Elle inclura diverses activités en lien avec l’innovation, l’analyse de données et la gestion de projets dans le domaine des statistiques publiques. En plus d’exécuter toutes tâches confiées par la hiérarchie,<br/>\nils seront chargés, entre autres, des missions suivantes selon le profil:</p><p>Profils Géomaticien / Informaticien / Data engineer:</p><ul><li>collecter des données géospatiales provenant de multiples sources (satellites, drones, bases de données publiques, capteurs, etc.);</li><li>effectuer le nettoyage et le prétraitement des données pour garantir leur qualité et leur précision;</li><li>collaborer avec des experts et développeurs pour intégrer des sources de  données variées et produire des ensembles cohérents;</li><li>participer à des projets interdisciplinaires et documenter les méthodologies et résultats pour en garantir la traçabilité;</li><li>vulgariser les résultats des recherches auprès des parties prenantes et assurer le transfert de compétences en analyse géospatiale.</li></ul><p>Profils Data Scientist / Statisticien / Machine Learning engineer:</p><ul><li>explorer et appliquer de nouvelles approches en science des données et</li><li>apprentissage automatique pour améliorer les processus de production statistique;</li><li>concevoir et tester des prototypes de solutions innovantes avant leur déploiement;</li><li>identifier des sources de données non conventionnelles et contribuer à leur intégration dans les systèmes existants;</li><li>proposer des solutions permettant d’optimiser l’utilisation des données issues des enquêtes nationales et des recensements (RGPH, RNE, RNA);</li><li>participer à des projets au sein du Data Innovation et documenter les  algorithmes, processus et résultats pour une meilleure compréhension et reproductibilité.</li></ul><p>Data project manager :</p><ul><li>assister dans la coordination des projets liés à l’innovation statistique et à l’utilisation des données massives;</li><li>participer à la gestion des délais, des ressources et des priorités pour garantir le succès des projets stratégiques de la DMI;</li><li>contribuer à l’élaboration et au suivi des indicateurs de performance des projets innovants.</li></ul><p>I<strong>Qualifications et aptitudes</strong></p><p>Les candidats recherchés doivent justifier de solides qualifications académiques et techniques, ainsi que d’aptitudes personnelles leur permettant de s’adapter à un environnement multidisciplinaire et innovant.</p><p><strong>Qualifications académiques </strong></p><ul><li>être titulaire d’un diplôme de niveau Bac+3 ou plus dans l’un des domaines suivants: statistiques, data science, géomatique, informatique, économie ou toute autre discipline pertinente;</li><li>avoir une spécialisation en science des données, systèmes d’information géographique (SIG), apprentissage automatique ou équivalent est fortement valorisée.</li></ul><p><strong>Compétences techniques </strong></p><ul><li>analyse et modélisation des données maîtrise des concepts avancés de statistiques, apprentissage automatique (Machine Learning) et méthodes de Deep Learning (NLP, reconnaissance automatique de la parole, vision par ordinateur, etc.);</li><li>programmation: compétence en langages de programmation tels que <a href=\"https://www.emploidakar.com/mooc-python/\">Python</a>, R, SQL et familiarité avec des outils de scripting;</li><li>gestion de données géospatiales capacité à traiter, analyser et intégrer des données géo-référencées issues de satellites, drones ou capteurs terrestres ;</li><li>cartographie et SIG: expertise dans l’utilisation de logiciels SIG tels que ArcGIS Pro, QGIS, PostGIS ou équivalents;</li><li>versioning et déploiement : familiarité avec des outils de gestion de versions (GitHub, GitLab) et de containerisation (Docker, Kubernetes);</li><li>outils et frameworks: expérience avec des bibliothèques et frameworks de data science ou géomatique (TensorFlow, PyTorch, scikit-learn, GDAL, etc.).</li></ul><p><strong>Aptitudes personnelles et professionnelles </strong></p><ul><li>travail en équipe : capacité à collaborer avec des experts de divers domaines.  pour atteindre des objectifs communs;</li><li>autonomie et adaptabilité : faculté à travailler de manière indépendante tout en s’adaptant rapidement à des environnements dynamiques et multidisciplinaires ;</li><li>communication: aptitudes démontrées en communication orale et écrite pour vulgariser des résultats complexes auprès de publics variés ;</li><li>esprit analytique : capacité à résoudre des problèmes complexes en utilisant des approches méthodiques et innovantes.</li><li>Expérience souhaitée : une expérience préalable (stages, projets académiques ou professionnels) dans l’un des domaines suivants : data science, systèmes d’information géographique, intelligence artificielle ou traitement des données.</li></ul><p><strong>Dépôt des candidatures</strong></p><p>Les candidats doivent postuler en envoyant leur CV, diplômes et certifications obtenues via la plateforme de stage <a href=\"http://recrute.ansd.sn\" rel=\"noopener\" target=\"_blank\">http://recrute.ansd.sn</a> disponible sur le site web <a href=\"http://ansd.sn\" rel=\"noopener\" target=\"_blank\">www.ansd.sn</a> de l’ANSD.</p><p>Date limite de dépôt des candidatures: le vendredi 24 janvier 2025 à 17 heures précises.</p><p>Il ne sera donné suite qu’aux candidatures pour lesquelles l’ANSD aura exprimé un intérêt et les présélectionnés compléteront leurs dossiers (copies légalisées des diplômes, des attestations de stage et certifications obtenues).</p><p>Les stagiaires doivent être disponibles tout de suite pour les postes.</p></div>",
  "secteur": "Non spécifié",
  "type_contrat": "Stage",
  "localisation": "Dakar, Sénégal",
  "texte_integral": "<div class=\"job_description\"><p><strong>Avis d’offre de stage</strong></p><p>L’Agence nationale de la Statistique et de la Démographie (ANSD) lance un appel à candidatures pour l’offre de dix (10) postes de stage. Les stagiaires seront accueillis à la Direction de la Méthodologie, de la Coordination statistique et de l’Innovation (DMCI) dans le cadre du projet d’appui au Système statistique national (HISWACA<br/>\nSOP1-SENEGAL), pour une durée six (06) mois, renouvelable sur la base d’une évaluation de performances jugée satisfaisante.</p><p>Sous la supervision du Chef de la Division de la Méthodologie et de l’Innovation (DMI), les dix (10) travailleront sous l’autorité directe du Chef du Bureau de la Recherche et de l’Innovation (BRI) et contribueront activement à la réalisation des objectifs stratégiques et opérationnels du Data innovation lab. Les stagiaires auront les tâches, qualifications et aptitudes suivantes :</p><p><strong>Description des tâches </strong></p><p><strong>Mission(s) principale(s):</strong></p><p>La mission des 10 stagiaires est de contribuer activement à la réalisation des objectifs stratégiques et opérationnels du data innovation lab. Elle inclura diverses activités en lien avec l’innovation, l’analyse de données et la gestion de projets dans le domaine des statistiques publiques. En plus d’exécuter toutes tâches confiées par la hiérarchie,<br/>\nils seront chargés, entre autres, des missions suivantes selon le profil:</p><p>Profils Géomaticien / Informaticien / Data engineer:</p><ul><li>collecter des données géospatiales provenant de multiples sources (satellites, drones, bases de données publiques, capteurs, etc.);</li><li>effectuer le nettoyage et le prétraitement des données pour garantir leur qualité et leur précision;</li><li>collaborer avec des experts et développeurs pour intégrer des sources de  données variées et produire des ensembles cohérents;</li><li>participer à des projets interdisciplinaires et documenter les méthodologies et résultats pour en garantir la traçabilité;</li><li>vulgariser les résultats des recherches auprès des parties prenantes et assurer le transfert de compétences en analyse géospatiale.</li></ul><p>Profils Data Scientist / Statisticien / Machine Learning engineer:</p><ul><li>explorer et appliquer de nouvelles approches en science des données et</li><li>apprentissage automatique pour améliorer les processus de production statistique;</li><li>concevoir et tester des prototypes de solutions innovantes avant leur déploiement;</li><li>identifier des sources de données non conventionnelles et contribuer à leur intégration dans les systèmes existants;</li><li>proposer des solutions permettant d’optimiser l’utilisation des données issues des enquêtes nationales et des recensements (RGPH, RNE, RNA);</li><li>participer à des projets au sein du Data Innovation et documenter les  algorithmes, processus et résultats pour une meilleure compréhension et reproductibilité.</li></ul><p>Data project manager :</p><ul><li>assister dans la coordination des projets liés à l’innovation statistique et à l’utilisation des données massives;</li><li>participer à la gestion des délais, des ressources et des priorités pour garantir le succès des projets stratégiques de la DMI;</li><li>contribuer à l’élaboration et au suivi des indicateurs de performance des projets innovants.</li></ul><p>I<strong>Qualifications et aptitudes</strong></p><p>Les candidats recherchés doivent justifier de solides qualifications académiques et techniques, ainsi que d’aptitudes personnelles leur permettant de s’adapter à un environnement multidisciplinaire et innovant.</p><p><strong>Qualifications académiques </strong></p><ul><li>être titulaire d’un diplôme de niveau Bac+3 ou plus dans l’un des domaines suivants: statistiques, data science, géomatique, informatique, économie ou toute autre discipline pertinente;</li><li>avoir une spécialisation en science des données, systèmes d’information géographique (SIG), apprentissage automatique ou équivalent est fortement valorisée.</li></ul><p><strong>Compétences techniques </strong></p><ul><li>analyse et modélisation des données maîtrise des concepts avancés de statistiques, apprentissage automatique (Machine Learning) et méthodes de Deep Learning (NLP, reconnaissance automatique de la parole, vision par ordinateur, etc.);</li><li>programmation: compétence en langages de programmation tels que <a href=\"https://www.emploidakar.com/mooc-python/\">Python</a>, R, SQL et familiarité avec des outils de scripting;</li><li>gestion de données géospatiales capacité à traiter, analyser et intégrer des données géo-référencées issues de satellites, drones ou capteurs terrestres ;</li><li>cartographie et SIG: expertise dans l’utilisation de logiciels SIG tels que ArcGIS Pro, QGIS, PostGIS ou équivalents;</li><li>versioning et déploiement : familiarité avec des outils de gestion de versions (GitHub, GitLab) et de containerisation (Docker, Kubernetes);</li><li>outils et frameworks: expérience avec des bibliothèques et frameworks de data science ou géomatique (TensorFlow, PyTorch, scikit-learn, GDAL, etc.).</li></ul><p><strong>Aptitudes personnelles et professionnelles </strong></p><ul><li>travail en équipe : capacité à collaborer avec des experts de divers domaines.  pour atteindre des objectifs communs;</li><li>autonomie et adaptabilité : faculté à travailler de manière indépendante tout en s’adaptant rapidement à des environnements dynamiques et multidisciplinaires ;</li><li>communication: aptitudes démontrées en communication orale et écrite pour vulgariser des résultats complexes auprès de publics variés ;</li><li>esprit analytique : capacité à résoudre des problèmes complexes en utilisant des approches méthodiques et innovantes.</li><li>Expérience souhaitée : une expérience préalable (stages, projets académiques ou professionnels) dans l’un des domaines suivants : data science, systèmes d’information géographique, intelligence artificielle ou traitement des données.</li></ul><p><strong>Dépôt des candidatures</strong></p><p>Les candidats doivent postuler en envoyant leur CV, diplômes et certifications obtenues via la plateforme de stage <a href=\"http://recrute.ansd.sn\" rel=\"noopener\" target=\"_blank\">http://recrute.ansd.sn</a> disponible sur le site web <a href=\"http://ansd.sn\" rel=\"noopener\" target=\"_blank\">www.ansd.sn</a> de l’ANSD.</p><p>Date limite de dépôt des candidatures: le vendredi 24 janvier 2025 à 17 heures précises.</p><p>Il ne sera donné suite qu’aux candidatures pour lesquelles l’ANSD aura exprimé un intérêt et les présélectionnés compléteront leurs dossiers (copies légalisées des diplômes, des attestations de stage et certifications obtenues).</p><p>Les stagiaires doivent être disponibles tout de suite pour les postes.</p></div>\n\n",
  "formation_requise": {
    "niveau_minimum": "BAC+3"
  },
  "experience_requise": {
    "duree_minimum_mois": 0
  },
  "competences_requises": [],
  "langues_requises": []
}
2025-06-30 02:06:08,056 - INFO - Rapport d'analyse final généré:
{
  "score_global": 24.0,
  "score_global_semantique": 20.0,
  "niveau_adequation": "Faible",
  "resume": "Pour l'instant, ça ne matche pas trop (24%). Pas de panique ! Servez-vous de l'analyse pour voir sur quoi travailler.",
  "points_forts": [
    {
      "description": "Votre compétence 'git' est mentionnée dans l'offre.",
      "categorie": "competences",
      "importance": "normal"
    },
    {
      "description": "Votre compétence 'python' est mentionnée dans l'offre.",
      "categorie": "competences",
      "importance": "normal"
    },
    {
      "description": "Votre compétence 'sql' est mentionnée dans l'offre.",
      "categorie": "competences",
      "importance": "normal"
    }
  ],
  "points_amelioration": [
    {
      "description": "Aucun de vos diplômes ou établissements ne semble mentionné directement dans l'offre.",
      "categorie": "formation",
      "priorite": "normale"
    },
    {
      "description": "Le contenu de vos expériences pourrait être plus aligné avec la description de l'offre.",
      "categorie": "experience",
      "priorite": "normale"
    },
    {
      "description": "Cette offre recherche 13 compétences techniques spécifiques. Concentrez-vous sur les plus importantes.",
      "categorie": "competences",
      "priorite": "normale"
    }
  ],
  "analyse_detaillee": {
    "formation": {
      "categorie": "Formation",
      "score": 50.0,
      "elements_correspondants": [],
      "elements_manquants": [],
      "points_forts": [],
      "points_amelioration": [
        "Aucun de vos diplômes ou établissements ne semble mentionné directement dans l'offre."
      ],
      "resume": "Votre formation (50%) est un bon point de départ, mais pourrait être complétée pour correspondre parfaitement à l'offre."
    },
    "experience": {
      "categorie": "Expérience",
      "score": 34.0,
      "elements_correspondants": [],
      "elements_manquants": [],
      "points_forts": [],
      "points_amelioration": [
        "Le contenu de vos expériences pourrait être plus aligné avec la description de l'offre."
      ],
      "resume": "Il semble vous manquer une expérience significative (34%) pour ce poste. Valorisez vos stages, projets personnels ou formations."
    },
    "competences": {
      "categorie": "Compétences",
      "score": 23.0,
      "elements_correspondants": [],
      "elements_manquants": [
        {
          "description": "Api",
          "categorie": "competences",
          "importance": "moyenne"
        },
        {
          "description": "Rest",
          "categorie": "competences",
          "importance": "moyenne"
        },
        {
          "description": "Docker",
          "categorie": "competences",
          "importance": "moyenne"
        },
        {
          "description": "Kubernetes",
          "categorie": "competences",
          "importance": "moyenne"
        },
        {
          "description": "Machine Learning",
          "categorie": "competences",
          "importance": "moyenne"
        },
        {
          "description": "Ia",
          "categorie": "competences",
          "importance": "moyenne"
        },
        {
          "description": "Data Science",
          "categorie": "competences",
          "importance": "moyenne"
        },
        {
          "description": "Analyse",
          "categorie": "competences",
          "importance": "moyenne"
        },
        {
          "description": "Communication",
          "categorie": "competences",
          "importance": "moyenne"
        }
      ],
      "points_forts": [
        "Votre compétence 'git' est mentionnée dans l'offre.",
        "Votre compétence 'python' est mentionnée dans l'offre.",
        "Votre compétence 'sql' est mentionnée dans l'offre."
      ],
      "points_amelioration": [
        "Cette offre recherche 13 compétences techniques spécifiques. Concentrez-vous sur les plus importantes."
      ],
      "resume": "Un décalage important est noté sur les compétences clés (23%). C'est un bon axe de progression pour votre carrière."
    },
    "langues": {
      "categorie": "Langues",
      "score": 30.0,
      "elements_correspondants": [],
      "elements_manquants": [],
      "points_forts": [],
      "points_amelioration": [],
      "resume": "Les exigences linguistiques (30%) pour ce poste ne semblent pas être atteintes."
    }
  },
  "suggestions": [
    {
      "categorie": "formation",
      "description": "Pour renforcer votre profil, considérez : Aucun de vos diplômes ou établissements ne semble mentionné directement dans l'offre.",
      "priorite": "moyenne",
      "impact_estime": "moyen"
    },
    {
      "categorie": "experience",
      "description": "Pour renforcer votre profil, considérez : Le contenu de vos expériences pourrait être plus aligné avec la description de l'offre.",
      "priorite": "moyenne",
      "impact_estime": "moyen"
    },
    {
      "categorie": "competences",
      "description": "Pour renforcer votre profil, considérez : Cette offre recherche 13 compétences techniques spécifiques. Concentrez-vous sur les plus importantes.",
      "priorite": "moyenne",
      "impact_estime": "moyen"
    },
    {
      "categorie": "Compétences",
      "description": "Focus sur l'acquisition ou la mise en avant des compétences suivantes : Api, Rest, Docker, Kubernetes, Machine Learning, Ia, Data Science, Analyse, Communication.",
      "priorite": "haute",
      "impact_estime": "moyen"
    }
  ],
  "contexte_analyse": {
    "timestamp": "2025-06-30T02:06:08.016016",
    "version_api": "2.0.0",
    "niveau_confiance": "haute"
  },
  "competences_manquantes": [
    "Api",
    "Rest",
    "Docker",
    "Kubernetes",
    "Machine Learning",
    "Ia",
    "Data Science",
    "Analyse",
    "Communication"
  ]
}
2025-06-30 02:06:08,057 - INFO - Fin de l'analyse.
2025-06-30 02:06:08,073 - INFO - ==================================================

2025-06-30 02:12:41,517 - INFO - Logger pour 'dakar_analysis' configuré. Les logs seront écrits dans : C:\wamp64\www\workflexer\api1\dakar_analysis.log
2025-06-30 02:13:33,195 - INFO - Logger pour 'dakar_analysis' configuré. Les logs seront écrits dans : C:\wamp64\www\workflexer\api1\dakar_analysis.log
2025-06-30 02:18:50,776 - INFO - Logger pour 'dakar_analysis' configuré. Les logs seront écrits dans : C:\wamp64\www\workflexer\api1\dakar_analysis.log
2025-06-30 02:23:29,918 - INFO - Logger pour 'dakar_analysis' configuré. Les logs seront écrits dans : C:\wamp64\www\workflexer\api1\dakar_analysis.log
